<?xml version="1.0" encoding="UTF-8"?>
<testsuite name="org.apache.pdfbox.pdmodel.common.function.type4.TestOperators" time="0.009" tests="40" errors="0" skipped="0" failures="0">
  <properties>
[...]
</properties>
  <testcase name="testTruncate" classname="org.apache.pdfbox.pdmodel.common.function.type4.TestOperators" time="0"/>
  <testcase name="testAbs" classname="org.apache.pdfbox.pdmodel.common.function.type4.TestOperators" time="0"/>
  <testcase name="testAdd" classname="org.apache.pdfbox.pdmodel.common.function.type4.TestOperators" time="0"/>
  <testcase name="testAnd" classname="org.apache.pdfbox.pdmodel.common.function.type4.TestOperators" time="0"/>
  <testcase name="testCos" classname="org.apache.pdfbox.pdmodel.common.function.type4.TestOperators" time="0"/>
  <testcase name="testCvi" classname="org.apache.pdfbox.pdmodel.common.function.type4.TestOperators" time="0"/>
  <testcase name="testCvr" classname="org.apache.pdfbox.pdmodel.common.function.type4.TestOperators" time="0"/>
  <testcase name="testDiv" classname="org.apache.pdfbox.pdmodel.common.function.type4.TestOperators" time="0"/>
  <testcase name="testDup" classname="org.apache.pdfbox.pdmodel.common.function.type4.TestOperators" time="0.001"/>
  <testcase name="testExp" classname="org.apache.pdfbox.pdmodel.common.function.type4.TestOperators" time="0"/>
  <testcase name="testLog" classname="org.apache.pdfbox.pdmodel.common.function.type4.TestOperators" time="0"/>
  <testcase name="testMod" classname="org.apache.pdfbox.pdmodel.common.function.type4.TestOperators" time="0.001"/>
  <testcase name="testMul" classname="org.apache.pdfbox.pdmodel.common.function.type4.TestOperators" time="0"/>
  <testcase name="testNeg" classname="org.apache.pdfbox.pdmodel.common.function.type4.TestOperators" time="0"/>
  <testcase name="testNot" classname="org.apache.pdfbox.pdmodel.common.function.type4.TestOperators" time="0"/>
  <testcase name="testPop" classname="org.apache.pdfbox.pdmodel.common.function.type4.TestOperators" time="0.001"/>
  <testcase name="testSin" classname="org.apache.pdfbox.pdmodel.common.function.type4.TestOperators" time="0"/>
  <testcase name="testSub" classname="org.apache.pdfbox.pdmodel.common.function.type4.TestOperators" time="0"/>
  <testcase name="testXor" classname="org.apache.pdfbox.pdmodel.common.function.type4.TestOperators" time="0"/>
  <testcase name="testFloor" classname="org.apache.pdfbox.pdmodel.common.function.type4.TestOperators" time="0.001"/>
  <testcase name="testIndex" classname="org.apache.pdfbox.pdmodel.common.function.type4.TestOperators" time="0"/>
  <testcase name="testRound" classname="org.apache.pdfbox.pdmodel.common.function.type4.TestOperators" time="0"/>
  <testcase name="testAtan" classname="org.apache.pdfbox.pdmodel.common.function.type4.TestOperators" time="0"/>
  <testcase name="testCopy" classname="org.apache.pdfbox.pdmodel.common.function.type4.TestOperators" time="0.001"/>
  <testcase name="testExch" classname="org.apache.pdfbox.pdmodel.common.function.type4.TestOperators" time="0"/>
  <testcase name="testIDiv" classname="org.apache.pdfbox.pdmodel.common.function.type4.TestOperators" time="0"/>
  <testcase name="testRoll" classname="org.apache.pdfbox.pdmodel.common.function.type4.TestOperators" time="0.001"/>
  <testcase name="testSqrt" classname="org.apache.pdfbox.pdmodel.common.function.type4.TestOperators" time="0"/>
  <testcase name="testEq" classname="org.apache.pdfbox.pdmodel.common.function.type4.TestOperators" time="0"/>
  <testcase name="testGe" classname="org.apache.pdfbox.pdmodel.common.function.type4.TestOperators" time="0"/>
  <testcase name="testGt" classname="org.apache.pdfbox.pdmodel.common.function.type4.TestOperators" time="0.001"/>
  <testcase name="testIf" classname="org.apache.pdfbox.pdmodel.common.function.type4.TestOperators" time="0"/>
  <testcase name="testLe" classname="org.apache.pdfbox.pdmodel.common.function.type4.TestOperators" time="0"/>
  <testcase name="testLn" classname="org.apache.pdfbox.pdmodel.common.function.type4.TestOperators" time="0"/>
  <testcase name="testLt" classname="org.apache.pdfbox.pdmodel.common.function.type4.TestOperators" time="0.001"/>
  <testcase name="testNe" classname="org.apache.pdfbox.pdmodel.common.function.type4.TestOperators" time="0"/>
  <testcase name="testOr" classname="org.apache.pdfbox.pdmodel.common.function.type4.TestOperators" time="0"/>
  <testcase name="testCeiling" classname="org.apache.pdfbox.pdmodel.common.function.type4.TestOperators" time="0.001"/>
  <testcase name="testIfElse" classname="org.apache.pdfbox.pdmodel.common.function.type4.TestOperators" time="0"/>
  <testcase name="testBitshift" classname="org.apache.pdfbox.pdmodel.common.function.type4.TestOperators" time="0"/>
</testsuite>